Dynamic processors logs:

[31mDynamic processor "[1mbundler.bundle.packager.code.js[22m: application//720717219//components//code//1334341767//." is taking more than expected.[39m
	Blocked by the following reason:
[1m	Waiting for:[22m
		* bundler.dependencies.code: not processed

[31mDynamic processor "[1mbundler.dependencies.code[22m: application//720717219//components//code//1334341767//." is taking more than expected.[39m

[31mDynamic processor "[1mts.compiler.transpiler[22m: application//720717219//components//code//ts//1334341767//.///720717219//1334341767" is taking more than expected.[39m

[31mDynamic processor "[1mts.compiler[22m: application//720717219//components//code//ts//dashboard//.///undefined" is taking more than expected.[39m
[1m	Waiting for:[22m
		* ts.processor.hashes: not processed

[31mDynamic processor "[1mts.dependencies.declarations.hash[22m" is taking more than expected.[39m
[1m	Waiting for:[22m
		* ts.dependencies.declarations: not processed

[31mDynamic processor "[1mts.processor.hashes[22m" is taking more than expected.[39m
[1m	Waiting for:[22m
		* ts.dependencies.declarations.hash: not processed

[31mDynamic processor "[1mbundler.bundle.declaration[22m: application//720717219//components//code" is taking more than expected.[39m
[1m	Waiting for:[22m
		* bundler.bundle.packager.hash: not processed

[31mDynamic processor "[1mbundler.bundle.packager.hash[22m" is taking more than expected.[39m
[1m	Waiting for:[22m
		* bundler.processors.hashes.inputs: not processed

[31mDynamic processor "[1mbundler.processors.hashes.inputs[22m" is taking more than expected.[39m
[1m	Waiting for:[22m
		* ts.processor.hashes: not processed

[31mDynamic processor "[1mts.dependencies.declarations[22m" is taking more than expected.[39m
[1m	Waiting for:[22m
		* bundler.bundle.declaration: not processed

[31mDynamic processor "[1mts.processor.hashes[22m" is taking more than expected.[39m
[1m	Waiting for:[22m
		* ts.dependencies.declarations.hash: not processed

[31mDynamic processor "[1mts.dependencies.declarations[22m" is taking more than expected.[39m
[1m	Waiting for:[22m
		* bundler.bundle.declaration: not processed

[31mDynamic processor "[1mts.processor.hashes[22m" is taking more than expected.[39m
[1m	Waiting for:[22m
		* ts.dependencies.declarations.hash: not processed

[31mDynamic processor "[1mts.dependencies.declarations[22m" is taking more than expected.[39m
[1m	Waiting for:[22m
		* bundler.bundle.declaration: not processed

[31mDynamic processor "[1mts.processor.hashes[22m" is taking more than expected.[39m
[1m	Waiting for:[22m
		* ts.dependencies.declarations.hash: not processed

[31mDynamic processor "[1mts.dependencies.declarations[22m" is taking more than expected.[39m
[1m	Waiting for:[22m
		* bundler.dependency: not processed
		* bundler.bundle.declaration: not processed

[31mDynamic processor "[1mts.processor.hashes[22m" is taking more than expected.[39m
[1m	Waiting for:[22m
		* ts.dependencies.declarations.hash: not processed

[31mDynamic processor "[1mts.dependencies.declarations[22m" is taking more than expected.[39m
[1m	Waiting for:[22m
		* bundler.dependency: not processed
		* bundler.bundle.declaration: not processed

[31mDynamic processor "[1mts.processor.hashes[22m" is taking more than expected.[39m
[1m	Waiting for:[22m
		* ts.dependencies.declarations.hash: not processed

[31mDynamic processor "[1mts.dependencies.declarations[22m" is taking more than expected.[39m
[1m	Waiting for:[22m
		* bundler.dependency: not processed
		* bundler.bundle.declaration: not processed

[31mDynamic processor "[1mts.processor.hashes[22m" is taking more than expected.[39m
[1m	Waiting for:[22m
		* ts.dependencies.declarations.hash: not processed

[31mDynamic processor "[1mts.dependencies.declarations[22m" is taking more than expected.[39m
[1m	Waiting for:[22m
		* bundler.dependency: not processed
		* bundler.bundle.declaration: not processed

[31mDynamic processor "[1mts.processor.hashes[22m" is taking more than expected.[39m
[1m	Waiting for:[22m
		* ts.dependencies.declarations.hash: not processed

[31mDynamic processor "[1mts.dependencies.declarations[22m" is taking more than expected.[39m
[1m	Waiting for:[22m
		* bundler.dependency: not processed
		* bundler.bundle.declaration: not processed

